<?xml version="1.0" encoding="UTF-8"?>
<!-- Generated by org.testng.reporters.JUnitReportReporter -->
<testsuite hostname="Bilal-PC" name="com.classic.crmpro.test.Testing" tests="4" failures="0" timestamp="6 Mar 2019 15:53:00 GMT" time="63.475" errors="0">
  <testcase name="homePageLoginButtonTest" time="19.148" classname="com.classic.crmpro.test.Testing"/>
  <testcase name="titleTest" time="13.493" classname="com.classic.crmpro.test.Testing"/>
  <testcase name="logoTest" time="17.139" classname="com.classic.crmpro.test.Testing"/>
  <testcase name="urlTest" time="13.695" classname="com.classic.crmpro.test.Testing"/>
</testsuite> <!-- com.classic.crmpro.test.Testing -->
