<?xml version="1.0" encoding="UTF-8"?>
<!-- Generated by org.testng.reporters.JUnitReportReporter -->
<testsuite hostname="Bilal-PC" name="com.classic.crmpro.test.HomePage" tests="3" failures="0" timestamp="6 Mar 2019 16:09:03 GMT" time="63.381" errors="0">
  <testcase name="contactTest" time="19.730" classname="com.classic.crmpro.test.HomePage"/>
  <testcase name="tasksTest" time="21.394" classname="com.classic.crmpro.test.HomePage"/>
  <testcase name="dealsTest" time="22.257" classname="com.classic.crmpro.test.HomePage"/>
</testsuite> <!-- com.classic.crmpro.test.HomePage -->
