<?xml version="1.0" encoding="UTF-8"?>
<!-- Generated by org.testng.reporters.JUnitReportReporter -->
<testsuite hostname="Bilal-PC" name="com.classic.crmpro.test.Testing" tests="4" failures="0" timestamp="6 Mar 2019 14:33:49 GMT" time="63.436" errors="0">
  <testcase name="urlTest" time="14.154" classname="com.classic.crmpro.test.Testing"/>
  <testcase name="logoTest" time="15.344" classname="com.classic.crmpro.test.Testing"/>
  <testcase name="titleTest" time="13.311" classname="com.classic.crmpro.test.Testing"/>
  <testcase name="homePageLoginButtonTest" time="20.627" classname="com.classic.crmpro.test.Testing"/>
</testsuite> <!-- com.classic.crmpro.test.Testing -->
