<?xml version="1.0" encoding="UTF-8"?>
<!-- Generated by org.testng.reporters.JUnitReportReporter -->
<testsuite hostname="Bilal-PC" name="com.classic.crmpro.test.HomePage" tests="6" failures="0" timestamp="7 Mar 2019 11:31:30 GMT" time="130.226" errors="0">
  <testcase name="contactTest" time="19.202" classname="com.classic.crmpro.test.HomePage"/>
  <testcase name="dealsTest" time="18.967" classname="com.classic.crmpro.test.HomePage"/>
  <testcase name="contactTest" time="34.115" classname="com.classic.crmpro.test.HomePage"/>
  <testcase name="tasksTest" time="19.255" classname="com.classic.crmpro.test.HomePage"/>
  <testcase name="contactTest" time="19.503" classname="com.classic.crmpro.test.HomePage"/>
  <testcase name="dealsTest" time="19.184" classname="com.classic.crmpro.test.HomePage"/>
</testsuite> <!-- com.classic.crmpro.test.HomePage -->
