<?xml version="1.0" encoding="UTF-8"?>
<!-- Generated by org.testng.reporters.JUnitReportReporter -->
<testsuite hostname="Bilal-PC" name="com.classic.crmpro.test.HomePage" tests="3" failures="0" timestamp="6 Mar 2019 15:27:14 GMT" time="65.896" errors="0">
  <testcase name="dealsTest" time="21.815" classname="com.classic.crmpro.test.HomePage"/>
  <testcase name="tasksTest" time="22.051" classname="com.classic.crmpro.test.HomePage"/>
  <testcase name="contactTest" time="22.030" classname="com.classic.crmpro.test.HomePage"/>
</testsuite> <!-- com.classic.crmpro.test.HomePage -->
