<?xml version="1.0" encoding="UTF-8"?>
<!-- Generated by org.testng.reporters.JUnitReportReporter -->
<testsuite hostname="Bilal-PC" name="com.classic.crmpro.test.LoginPage" tests="3" failures="0" timestamp="6 Mar 2019 16:09:03 GMT" time="48.213" errors="0">
  <testcase name="titleTest" time="14.617" classname="com.classic.crmpro.test.LoginPage"/>
  <testcase name="homePageLoginButtonTest" time="19.763" classname="com.classic.crmpro.test.LoginPage"/>
  <testcase name="urlTest" time="13.833" classname="com.classic.crmpro.test.LoginPage"/>
</testsuite> <!-- com.classic.crmpro.test.LoginPage -->
