<?xml version="1.0" encoding="UTF-8"?>
<!-- Generated by org.testng.reporters.JUnitReportReporter -->
<testsuite hostname="Bilal-PC" name="com.classic.crmpro.test.HomePage" tests="1" failures="0" timestamp="6 Mar 2019 15:18:46 GMT" time="24.023" errors="0">
  <testcase name="contactTest" time="24.023" classname="com.classic.crmpro.test.HomePage"/>
</testsuite> <!-- com.classic.crmpro.test.HomePage -->
